<?xml version="1.0" encoding="UTF-8"?>
<!-- Generated by org.testng.reporters.JUnitReportReporter -->
<testsuite hostname="LAPTOP-0T7QINT9" failures="0" tests="3" name="practice.sampleTest" time="0.007" errors="0" timestamp="2024-01-29T13:07:33 IST" skipped="0">
  <testcase classname="practice.sampleTest" name="sampleThree" time="0.002"/>
  <testcase classname="practice.sampleTest" name="sampleTwo" time="0.002"/>
  <testcase classname="practice.sampleTest" name="sampleOne" time="0.003"/>
</testsuite> <!-- practice.sampleTest -->
