<?xml version="1.0" encoding="UTF-8"?>
<!-- Generated by org.testng.reporters.JUnitReportReporter -->
<testsuite hostname="LAPTOP-0T7QINT9" failures="0" tests="1" name="practice.PracticeTest" time="0.002" errors="0" timestamp="2024-01-24T11:06:03 IST" skipped="0">
  <testcase classname="practice.PracticeTest" name="practiceOne" time="0.002"/>
  <system-out/>
</testsuite> <!-- practice.PracticeTest -->
