<?xml version="1.0" encoding="UTF-8"?>
<!-- Generated by org.testng.reporters.JUnitReportReporter -->
<testsuite hostname="LAPTOP-0T7QINT9" failures="0" tests="1" name="practice.DemoTest" time="0.017" errors="0" timestamp="2024-01-24T11:06:03 IST" skipped="0">
  <testcase classname="practice.DemoTest" name="demoOne" time="0.017"/>
  <system-out/>
</testsuite> <!-- practice.DemoTest -->
