<?xml version="1.0" encoding="UTF-8"?>
<!-- Generated by org.testng.reporters.JUnitReportReporter -->
<testsuite hostname="LAPTOP-0T7QINT9" failures="0" tests="3" name="practice.DemoTest" time="0.014" errors="0" timestamp="2024-01-25T09:45:19 IST" skipped="0">
  <testcase classname="practice.DemoTest" name="demoThree" time="0.002"/>
  <testcase classname="practice.DemoTest" name="demoOne" time="0.011"/>
  <testcase classname="practice.DemoTest" name="demoTwo" time="0.001"/>
</testsuite> <!-- practice.DemoTest -->
