<?xml version="1.0" encoding="UTF-8"?>
<!-- Generated by org.testng.reporters.JUnitReportReporter -->
<testsuite hostname="DESKTOP-JEU0I5O" failures="0" tests="1" name="practice.DemoTest" time="0.015" errors="0" timestamp="2024-01-29T14:14:55 IST" skipped="0">
  <testcase classname="practice.DemoTest" name="demoOne" time="0.015"/>
  <system-out/>
</testsuite> <!-- practice.DemoTest -->
